gRPC Request method /freshworks.user.v2.UserService/GetUserByProductUserId for request 1 with call #<GRPC::ActiveCall::InterceptableView:0x00007f7e4c6e8b48> and metadata: {}
gRPC Error /freshworks.user.v2.UserService/GetUserByProductUserId failed with: undefined method `encode' for Integer:Class
gRPC Request method /freshworks.user.v2.UserService/GetUserByProductUserId for request 1 with call #<GRPC::ActiveCall::InterceptableView:0x00007f7e4c608ea8> and metadata: {}
gRPC Error /freshworks.user.v2.UserService/GetUserByProductUserId failed with: undefined method `encode' for Integer:Class
gRPC Request method /freshworks.user.v2.UserService/GetUserByProductUserId for request <Freshworks::User::V2::GetUserByProductIdRequest: product_account_id: <Google::Protobuf::StringValue: value: "123">, product_user_id: <Google::Protobuf::StringValue: value: "456">> with call #<GRPC::ActiveCall::InterceptableView:0x00007f7e3d94d820> and metadata: {}
gRPC Error /freshworks.user.v2.UserService/GetUserByProductUserId failed with: 16:Authentication failed. debug_error_string:{UNKNOWN:Error received from peer  {created_time:"2025-03-18T15:10:41.272862+05:30", grpc_status:16, grpc_message:"Authentication failed"}}
gRPC Request method /freshworks.user.v2.UserService/GetUserByProductUserId for request <Freshworks::User::V2::GetUserByProductIdRequest: product_account_id: <Google::Protobuf::StringValue: value: "123">, product_user_id: <Google::Protobuf::StringValue: value: "456">> with call #<GRPC::ActiveCall::InterceptableView:0x00007f7e5c5ed210> and metadata: {}
gRPC Error /freshworks.user.v2.UserService/GetUserByProductUserId failed with: 16:Authentication failed. debug_error_string:{UNKNOWN:Error received from peer  {grpc_message:"Authentication failed", grpc_status:16, created_time:"2025-03-18T15:20:04.52866+05:30"}}
gRPC Request method /freshworks.user.v2.UserService/GetUserByProductUserId for request <Freshworks::User::V2::GetUserByProductIdRequest: product_account_id: <Google::Protobuf::StringValue: value: "2220000413">, product_user_id: <Google::Protobuf::StringValue: value: "456">> with call #<GRPC::ActiveCall::InterceptableView:0x00007f7e4c635ea8> and metadata: {}
gRPC Error /freshworks.user.v2.UserService/GetUserByProductUserId failed with: 16:Authentication failed. debug_error_string:{UNKNOWN:Error received from peer  {created_time:"2025-03-18T15:21:06.756464+05:30", grpc_status:16, grpc_message:"Authentication failed"}}
gRPC Request method /freshworks.user.v2.UserService/GetUserByProductUserId for request <Freshworks::User::V2::GetUserByProductIdRequest: product_account_id: <Google::Protobuf::StringValue: value: "2220000413">, product_user_id: <Google::Protobuf::StringValue: value: "456">> with call #<GRPC::ActiveCall::InterceptableView:0x00007f7e5c505000> and metadata: {}
gRPC Error /freshworks.user.v2.UserService/GetUserByProductUserId failed with: 5:invalid_user_account_mapping. debug_error_string:{UNKNOWN:Error received from peer  {created_time:"2025-03-18T15:23:09.301263+05:30", grpc_status:5, grpc_message:"invalid_user_account_mapping"}}
gRPC Request method /freshworks.user.v2.UserService/GetUserByProductUserId for request <Freshworks::User::V2::GetUserByProductIdRequest: product_account_id: <Google::Protobuf::StringValue: value: "1">, product_user_id: <Google::Protobuf::StringValue: value: "5">> with call #<GRPC::ActiveCall::InterceptableView:0x00007f7e3da5eed0> and metadata: {}
gRPC Error /freshworks.user.v2.UserService/GetUserByProductUserId failed with: 2:. debug_error_string:{UNKNOWN:Error received from peer  {created_time:"2025-03-18T15:24:16.252118+05:30", grpc_status:2, grpc_message:""}}
gRPC Request method /freshworks.user.v2.UserService/GetUserByProductUserId for request <Freshworks::User::V2::GetUserByProductIdRequest: product_account_id: <Google::Protobuf::StringValue: value: "1">, product_user_id: <Google::Protobuf::StringValue: value: "5">> with call #<GRPC::ActiveCall::InterceptableView:0x00007f7e3d89e0f0> and metadata: {}
gRPC Error /freshworks.user.v2.UserService/GetUserByProductUserId failed with: 2:. debug_error_string:{UNKNOWN:Error received from peer  {created_time:"2025-03-18T15:24:33.507986+05:30", grpc_status:2, grpc_message:""}}
gRPC Request method /freshworks.user.v2.UserService/GetUserByProductUserId for request <Freshworks::User::V2::GetUserByProductIdRequest: product_account_id: <Google::Protobuf::StringValue: value: "1">, product_user_id: <Google::Protobuf::StringValue: value: "5">> with call #<GRPC::ActiveCall::InterceptableView:0x00007f7e5c4bdb60> and metadata: {"x-request-id"=>"26bd8a36-72e1-4c5b-b1d5-424c17a134ef"}
gRPC Error /freshworks.user.v2.UserService/GetUserByProductUserId failed with: 2:. debug_error_string:{UNKNOWN:Error received from peer  {grpc_message:"", grpc_status:2, created_time:"2025-03-18T15:26:06.387075+05:30"}}
gRPC Request method /freshworks.user.v2.UserService/GetUserByProductUserId for request <Freshworks::User::V2::GetUserByProductIdRequest: product_account_id: <Google::Protobuf::StringValue: value: "1">, product_user_id: <Google::Protobuf::StringValue: value: "5">> with call #<GRPC::ActiveCall::InterceptableView:0x00007f7e3d9d5658> and metadata: {"x-request-id"=>"acce5134-2525-45c3-8503-28e15a1462c2"}
gRPC Error /freshworks.user.v2.UserService/GetUserByProductUserId failed with: 2:. debug_error_string:{UNKNOWN:Error received from peer  {created_time:"2025-03-18T15:36:45.860126+05:30", grpc_status:2, grpc_message:""}}
gRPC Request method /freshworks.user.v2.UserService/GetUserByProductUserId for request <Freshworks::User::V2::GetUserByProductIdRequest: product_account_id: <Google::Protobuf::StringValue: value: "1">, product_user_id: <Google::Protobuf::StringValue: value: "11">> with call #<GRPC::ActiveCall::InterceptableView:0x00007f7e3c9703f8> and metadata: {"x-request-id"=>"1cdb8f49-7a74-4ed0-ab24-ae32a927512b"}
gRPC Error /freshworks.user.v2.UserService/GetUserByProductUserId failed with: 5:invalid_user_account_mapping. debug_error_string:{UNKNOWN:Error received from peer  {created_time:"2025-03-18T15:39:40.67193+05:30", grpc_status:5, grpc_message:"invalid_user_account_mapping"}}
gRPC Request method /freshworks.user.v2.UserService/GetUserByProductUserId for request #<Net::HTTP::Post:0x00007f7e4c6fb6a8> with call #<GRPC::ActiveCall::InterceptableView:0x00007f7e5c4ed220> and metadata: {"x-request-id"=>"5cc7d7f4-8e26-49af-8737-04a4b09a5ac5"}
gRPC Error /freshworks.user.v2.UserService/GetUserByProductUserId failed with: undefined method `encode' for Net::HTTP::Post:Class
gRPC Request method /freshworks.user.v2.UserService/GetUserByProductUserId for request #<Net::HTTP::Post:0x00007f97812904a8> with call #<GRPC::ActiveCall::InterceptableView:0x00007f9780171e60> and metadata: {"x-request-id"=>"6351488c-6320-473e-a459-e7c1db3ed22f"}
gRPC Error /freshworks.user.v2.UserService/GetUserByProductUserId failed with: undefined method `encode' for Net::HTTP::Post:Class
gRPC Request method /freshworks.user.v2.UserService/GetUserByProductUserId for request #<Net::HTTP::Post:0x00007f97812904a8> with call #<GRPC::ActiveCall::InterceptableView:0x00007f9781027f40> and metadata: {"x-request-id"=>"693036a3-e8aa-4bd6-9515-59c2be196dda"}
gRPC Error /freshworks.user.v2.UserService/GetUserByProductUserId failed with: undefined method `encode' for Net::HTTP::Post:Class
gRPC Request method /freshworks.user.v2.UserService/GetUserByProductUserId for request <Freshworks::User::V2::GetUserByProductIdRequest: product_account_id: <Google::Protobuf::StringValue: value: "1">, product_user_id: <Google::Protobuf::StringValue: value: "11">> with call #<GRPC::ActiveCall::InterceptableView:0x00007f978020b830> and metadata: {"x-request-id"=>"21424288-3f3b-47d2-970c-1914b3ea74cd"}
gRPC Error /freshworks.user.v2.UserService/GetUserByProductUserId failed with: 16:Authentication failed. debug_error_string:{UNKNOWN:Error received from peer  {created_time:"2025-03-18T16:23:25.266045+05:30", grpc_status:16, grpc_message:"Authentication failed"}}
gRPC Request method /freshworks.user.v2.UserService/GetUserByProductUserId for request <Freshworks::User::V2::GetUserByProductIdRequest: product_account_id: <Google::Protobuf::StringValue: value: "1">, product_user_id: <Google::Protobuf::StringValue: value: "11">> with call #<GRPC::ActiveCall::InterceptableView:0x00007f978113ee10> and metadata: {"x-request-id"=>"21801751-7bc6-491d-9630-39e92405d2bc"}
gRPC Error /freshworks.user.v2.UserService/GetUserByProductUserId failed with: 16:Authentication failed. debug_error_string:{UNKNOWN:Error received from peer  {grpc_message:"Authentication failed", grpc_status:16, created_time:"2025-03-18T16:24:18.35667+05:30"}}
gRPC Request method /freshworks.user.v2.UserService/GetUserByProductUserId for request #<Net::HTTP::Post:0x00007f9796566f50> with call #<GRPC::ActiveCall::InterceptableView:0x00007f9781313d58> and metadata: {"x-request-id"=>"4380f371-2a0c-4bed-9064-9792f31bb26e"}
gRPC Error /freshworks.user.v2.UserService/GetUserByProductUserId failed with: undefined method `encode' for Net::HTTP::Post:Class
gRPC Request method /freshworks.user.v2.UserService/GetUserByProductUserId for request #<Net::HTTP::Post:0x00007f97964339a8> with call #<GRPC::ActiveCall::InterceptableView:0x00007f9796473e90> and metadata: {"x-request-id"=>"834b667b-b552-4801-92ac-5fa8c3668b4c"}
gRPC Error /freshworks.user.v2.UserService/GetUserByProductUserId failed with: undefined method `encode' for Net::HTTP::Post:Class
gRPC Request method /freshworks.user.v2.UserService/GetUserByProductUserId for request #<Net::HTTP::Post:0x00007f978102f3d0> with call #<GRPC::ActiveCall::InterceptableView:0x00007f97963ca548> and metadata: {"x-request-id"=>"b11c1944-4690-4e37-82aa-d6d9a1e76965"}
gRPC Error /freshworks.user.v2.UserService/GetUserByProductUserId failed with: undefined method `encode' for Net::HTTP::Post:Class
gRPC Request method /freshworks.user.v2.UserService/GetUserByProductUserId for request #<Net::HTTP::Post:0x00007f910571c8c8> with call #<GRPC::ActiveCall::InterceptableView:0x00007f90f6da4880> and metadata: {"x-request-id"=>"1f42b59a-cbc1-4881-8b98-b00e3a617444"}
gRPC Error /freshworks.user.v2.UserService/GetUserByProductUserId failed with: undefined method `encode' for Net::HTTP::Post:Class
gRPC Request method /freshworks.user.v2.UserService/GetUserByProductUserId for request <Freshworks::User::V2::GetUserByProductIdRequest: product_account_id: <Google::Protobuf::StringValue: value: "1">, product_user_id: <Google::Protobuf::StringValue: value: "11">> with call #<GRPC::ActiveCall::InterceptableView:0x00007f8547f84cc8> and metadata: {"x-request-id"=>"43b11aa8-7e35-4b32-a05c-75644dc1b02b"}
gRPC Error /freshworks.user.v2.UserService/GetUserByProductUserId failed with: 16:Authentication failed. debug_error_string:{UNKNOWN:Error received from peer  {grpc_message:"Authentication failed", grpc_status:16, created_time:"2025-03-19T11:03:30.356285+05:30"}}
gRPC Request method /freshworks.user.v2.UserService/GetUserByProductUserId for request <Freshworks::User::V2::GetUserByProductIdRequest: product_account_id: <Google::Protobuf::StringValue: value: "1">, product_user_id: <Google::Protobuf::StringValue: value: "11">> with call #<GRPC::ActiveCall::InterceptableView:0x00007f852788b9f0> and metadata: {"x-request-id"=>"8e86ef71-1a8c-4c0a-be62-fb27f6992816"}
gRPC Error /freshworks.user.v2.UserService/GetUserByProductUserId failed with: 16:Authentication failed. debug_error_string:{UNKNOWN:Error received from peer  {created_time:"2025-03-19T11:16:45.012218+05:30", grpc_status:16, grpc_message:"Authentication failed"}}
gRPC Request method /freshworks.user.v2.UserService/GetUserByProductUserId for request <Freshworks::User::V2::GetUserByProductIdRequest: product_account_id: <Google::Protobuf::StringValue: value: "1">, product_user_id: <Google::Protobuf::StringValue: value: "11">> with call #<GRPC::ActiveCall::InterceptableView:0x00007fd0a74990b0> and metadata: {"x-request-id"=>"1ac29d18-ffb4-41fb-ac55-5aa6357102d3"}
gRPC Error /freshworks.user.v2.UserService/GetUserByProductUserId failed with: 16:unauthenticated. debug_error_string:{UNKNOWN:Error received from peer  {created_time:"2025-03-19T11:22:52.023728+05:30", grpc_status:16, grpc_message:"unauthenticated"}}
gRPC Request method /freshworks.user.v2.UserService/GetUserByProductUserId for request <Freshworks::User::V2::GetUserByProductIdRequest: product_account_id: <Google::Protobuf::StringValue: value: "1">, product_user_id: <Google::Protobuf::StringValue: value: "11">> with call #<GRPC::ActiveCall::InterceptableView:0x00007fd0a75107f0> and metadata: {"x-request-id"=>"d5a7ac98-a101-4e5b-b68a-7ee047fedc89"}
gRPC Error /freshworks.user.v2.UserService/GetUserByProductUserId failed with: 5:invalid_user_account_mapping. debug_error_string:{UNKNOWN:Error received from peer  {grpc_message:"invalid_user_account_mapping", grpc_status:5, created_time:"2025-03-19T11:24:33.193897+05:30"}}
gRPC Request method /freshworks.user.v2.UserService/GetUserByProductUserId for request <Freshworks::User::V2::GetUserByProductIdRequest: product_account_id: <Google::Protobuf::StringValue: value: "1">, product_user_id: <Google::Protobuf::StringValue: value: "11">> with call #<GRPC::ActiveCall::InterceptableView:0x00007fbe3f85eeb8> and metadata: {"x-request-id"=>"85a76111-24a0-47d1-ad73-659245b6916d"}
gRPC Error /freshworks.user.v2.UserService/GetUserByProductUserId failed with: 5:invalid_user_account_mapping. debug_error_string:{UNKNOWN:Error received from peer  {grpc_message:"invalid_user_account_mapping", grpc_status:5, created_time:"2025-03-19T11:27:21.926317+05:30"}}
gRPC Request method /freshworks.user.v2.UserService/GetUserByProductUserId for request <Freshworks::User::V2::GetUserByProductIdRequest: product_account_id: <Google::Protobuf::StringValue: value: "2220000170">, product_user_id: <Google::Protobuf::StringValue: value: "1008">> with call #<GRPC::ActiveCall::InterceptableView:0x00007fbe3fb5f478> and metadata: {"x-request-id"=>"ed5046da-1833-462e-9d98-4bee09e3fbec"}
gRPC Error /freshworks.user.v2.UserService/GetUserByProductUserId failed with: 5:invalid_user_account_mapping. debug_error_string:{UNKNOWN:Error received from peer  {created_time:"2025-03-19T11:44:00.736237+05:30", grpc_status:5, grpc_message:"invalid_user_account_mapping"}}
gRPC Request method /freshworks.user.v2.UserService/GetUserByProductUserId for request <Freshworks::User::V2::GetUserByProductIdRequest: product_account_id: <Google::Protobuf::StringValue: value: "2220000170">, product_user_id: <Google::Protobuf::StringValue: value: "1022">> with call #<GRPC::ActiveCall::InterceptableView:0x00007fbe5de894f0> and metadata: {"x-request-id"=>"60a29a5f-2c22-4065-bfa0-e52c5f5769f8"}
gRPC Error /freshworks.user.v2.UserService/GetUserByProductUserId failed with: 5:invalid_user_account_mapping. debug_error_string:{UNKNOWN:Error received from peer  {grpc_message:"invalid_user_account_mapping", grpc_status:5, created_time:"2025-03-19T11:46:11.52947+05:30"}}
